<?xml version="1.0" encoding="UTF-8"?>
<!-- Generated by org.testng.reporters.JUnitXMLReporter -->
<testsuite ignored="0" hostname="ua-od-kkn-8001" failures="0" tests="3" name="Surefire test" time="0.05" errors="0" timestamp="2023-10-27T22:41:41 EEST">
  <testcase classname="lesson18.FirstTest" name="testDivision" time="0.002"/>
  <testcase classname="lesson18.FirstTest" name="testMethod" time="0.003"/>
  <testcase classname="lesson18.FirstTest" name="testMethod2" time="0.0"/>
</testsuite> <!-- Surefire test -->
