<?xml version="1.0" encoding="UTF-8"?>
<!-- Generated by org.testng.reporters.JUnitXMLReporter -->
<testsuite ignored="0" hostname="ua-od-kkn-8001" failures="0" tests="7" name="Surefire test" time="0.07" errors="0" timestamp="2023-10-27T22:22:05 EEST">
  <testcase classname="lesson18.FirstTest" name="testDivision" time="0.001"/>
  <testcase classname="lesson18.FirstTest" name="testMethod" time="0.004"/>
  <testcase classname="lesson18.FirstTest" name="testMethod" time="0.001"/>
  <testcase classname="lesson18.FirstTest" name="testMethod" time="0.007"/>
  <testcase classname="lesson18.FirstTest" name="testMethod" time="0.0"/>
  <testcase classname="lesson18.FirstTest" name="testMethod" time="0.0"/>
  <testcase classname="lesson18.FirstTest" name="testMethod2" time="0.001"/>
</testsuite> <!-- Surefire test -->
