<?xml version="1.0" encoding="UTF-8"?>
<testng-results ignored="0" total="7" passed="7" failed="0" skipped="0">
  <reporter-output>
  </reporter-output>
  <suite started-at="2023-10-27T22:22:05 EEST" name="Surefire suite" finished-at="2023-10-27T22:22:05 EEST" duration-ms="70">
    <groups>
    </groups>
    <test started-at="2023-10-27T22:22:05 EEST" name="Surefire test" finished-at="2023-10-27T22:22:05 EEST" duration-ms="70">
      <class name="lesson18.FirstTest">
        <test-method is-config="true" signature="beforeTest()[pri:0, instance:lesson18.FirstTest@3b2da18f]" started-at="2023-10-27T22:22:05 EEST" name="beforeTest" finished-at="2023-10-27T22:22:05 EEST" duration-ms="8" status="PASS">
          <reporter-output>
          </reporter-output>
        </test-method> <!-- beforeTest -->
        <test-method is-config="true" signature="beforeClass()[pri:0, instance:lesson18.FirstTest@3b2da18f]" started-at="2023-10-27T22:22:05 EEST" name="beforeClass" finished-at="2023-10-27T22:22:05 EEST" duration-ms="0" status="PASS">
          <reporter-output>
          </reporter-output>
        </test-method> <!-- beforeClass -->
        <test-method is-config="true" signature="beforeMethod()[pri:0, instance:lesson18.FirstTest@3b2da18f]" started-at="2023-10-27T22:22:05 EEST" name="beforeMethod" finished-at="2023-10-27T22:22:05 EEST" duration-ms="0" status="PASS">
          <reporter-output>
          </reporter-output>
        </test-method> <!-- beforeMethod -->
        <test-method signature="testDivision()[pri:0, instance:lesson18.FirstTest@3b2da18f]" started-at="2023-10-27T22:22:05 EEST" name="testDivision" finished-at="2023-10-27T22:22:05 EEST" duration-ms="1" status="PASS">
          <exception class="java.lang.ArithmeticException">
            <message>
              <![CDATA[/ by zero]]>
            </message>
            <full-stacktrace>
              <![CDATA[java.lang.ArithmeticException: / by zero
at lesson18.FirstTest.testDivision(FirstTest.java:32)
at java.base/jdk.internal.reflect.NativeMethodAccessorImpl.invoke0(Native Method)
at java.base/jdk.internal.reflect.NativeMethodAccessorImpl.invoke(NativeMethodAccessorImpl.java:64)
at java.base/jdk.internal.reflect.DelegatingMethodAccessorImpl.invoke(DelegatingMethodAccessorImpl.java:43)
at java.base/java.lang.reflect.Method.invoke(Method.java:564)
at org.testng.internal.invokers.MethodInvocationHelper.invokeMethod(MethodInvocationHelper.java:139)
at org.testng.internal.invokers.TestInvoker.invokeMethod(TestInvoker.java:677)
at org.testng.internal.invokers.TestInvoker.invokeTestMethod(TestInvoker.java:221)
at org.testng.internal.invokers.MethodRunner.runInSequence(MethodRunner.java:50)
at org.testng.internal.invokers.TestInvoker$MethodInvocationAgent.invoke(TestInvoker.java:969)
at org.testng.internal.invokers.TestInvoker.invokeTestMethods(TestInvoker.java:194)
at org.testng.internal.invokers.TestMethodWorker.invokeTestMethods(TestMethodWorker.java:148)
at org.testng.internal.invokers.TestMethodWorker.run(TestMethodWorker.java:128)
at java.base/java.util.ArrayList.forEach(ArrayList.java:1511)
at org.testng.TestRunner.privateRun(TestRunner.java:829)
at org.testng.TestRunner.run(TestRunner.java:602)
at org.testng.SuiteRunner.runTest(SuiteRunner.java:437)
at org.testng.SuiteRunner.runSequentially(SuiteRunner.java:431)
at org.testng.SuiteRunner.privateRun(SuiteRunner.java:391)
at org.testng.SuiteRunner.run(SuiteRunner.java:330)
at org.testng.SuiteRunnerWorker.runSuite(SuiteRunnerWorker.java:52)
at org.testng.SuiteRunnerWorker.run(SuiteRunnerWorker.java:95)
at org.testng.TestNG.runSuitesSequentially(TestNG.java:1256)
at org.testng.TestNG.runSuitesLocally(TestNG.java:1176)
at org.testng.TestNG.runSuites(TestNG.java:1099)
at org.testng.TestNG.run(TestNG.java:1067)
at org.apache.maven.surefire.testng.TestNGExecutor.run(TestNGExecutor.java:155)
at org.apache.maven.surefire.testng.TestNGDirectoryTestSuite.executeSingleClass(TestNGDirectoryTestSuite.java:102)
at org.apache.maven.surefire.testng.TestNGDirectoryTestSuite.execute(TestNGDirectoryTestSuite.java:91)
at org.apache.maven.surefire.testng.TestNGProvider.invoke(TestNGProvider.java:137)
at org.apache.maven.surefire.booter.ForkedBooter.runSuitesInProcess(ForkedBooter.java:385)
at org.apache.maven.surefire.booter.ForkedBooter.execute(ForkedBooter.java:162)
at org.apache.maven.surefire.booter.ForkedBooter.run(ForkedBooter.java:507)
at org.apache.maven.surefire.booter.ForkedBooter.main(ForkedBooter.java:495)
]]>
            </full-stacktrace>
          </exception> <!-- java.lang.ArithmeticException -->
          <reporter-output>
          </reporter-output>
        </test-method> <!-- testDivision -->
        <test-method is-config="true" signature="afterMethod()[pri:0, instance:lesson18.FirstTest@3b2da18f]" started-at="2023-10-27T22:22:05 EEST" name="afterMethod" finished-at="2023-10-27T22:22:05 EEST" duration-ms="0" status="PASS">
          <reporter-output>
          </reporter-output>
        </test-method> <!-- afterMethod -->
        <test-method signature="testMethod()[pri:1, instance:lesson18.FirstTest@3b2da18f]" started-at="2023-10-27T22:22:05 EEST" name="testMethod" description="this our first test" finished-at="2023-10-27T22:22:05 EEST" duration-ms="4" status="PASS">
          <reporter-output>
          </reporter-output>
        </test-method> <!-- testMethod -->
        <test-method is-config="true" signature="beforeMethod()[pri:0, instance:lesson18.FirstTest@3b2da18f]" started-at="2023-10-27T22:22:05 EEST" name="beforeMethod" finished-at="2023-10-27T22:22:05 EEST" duration-ms="0" status="PASS">
          <reporter-output>
          </reporter-output>
        </test-method> <!-- beforeMethod -->
        <test-method is-config="true" signature="afterMethod()[pri:0, instance:lesson18.FirstTest@3b2da18f]" started-at="2023-10-27T22:22:05 EEST" name="afterMethod" finished-at="2023-10-27T22:22:05 EEST" duration-ms="1" status="PASS">
          <reporter-output>
          </reporter-output>
        </test-method> <!-- afterMethod -->
        <test-method is-config="true" signature="beforeMethod()[pri:0, instance:lesson18.FirstTest@3b2da18f]" started-at="2023-10-27T22:22:05 EEST" name="beforeMethod" finished-at="2023-10-27T22:22:05 EEST" duration-ms="1" status="PASS">
          <reporter-output>
          </reporter-output>
        </test-method> <!-- beforeMethod -->
        <test-method signature="testMethod()[pri:1, instance:lesson18.FirstTest@3b2da18f]" started-at="2023-10-27T22:22:05 EEST" name="testMethod" description="this our first test" finished-at="2023-10-27T22:22:05 EEST" duration-ms="1" status="PASS">
          <reporter-output>
          </reporter-output>
        </test-method> <!-- testMethod -->
        <test-method is-config="true" signature="afterMethod()[pri:0, instance:lesson18.FirstTest@3b2da18f]" started-at="2023-10-27T22:22:05 EEST" name="afterMethod" finished-at="2023-10-27T22:22:05 EEST" duration-ms="1" status="PASS">
          <reporter-output>
          </reporter-output>
        </test-method> <!-- afterMethod -->
        <test-method is-config="true" signature="beforeMethod()[pri:0, instance:lesson18.FirstTest@3b2da18f]" started-at="2023-10-27T22:22:05 EEST" name="beforeMethod" finished-at="2023-10-27T22:22:05 EEST" duration-ms="1" status="PASS">
          <reporter-output>
          </reporter-output>
        </test-method> <!-- beforeMethod -->
        <test-method signature="testMethod()[pri:1, instance:lesson18.FirstTest@3b2da18f]" started-at="2023-10-27T22:22:05 EEST" name="testMethod" description="this our first test" finished-at="2023-10-27T22:22:05 EEST" duration-ms="7" status="PASS">
          <reporter-output>
          </reporter-output>
        </test-method> <!-- testMethod -->
        <test-method is-config="true" signature="afterMethod()[pri:0, instance:lesson18.FirstTest@3b2da18f]" started-at="2023-10-27T22:22:05 EEST" name="afterMethod" finished-at="2023-10-27T22:22:05 EEST" duration-ms="0" status="PASS">
          <reporter-output>
          </reporter-output>
        </test-method> <!-- afterMethod -->
        <test-method signature="testMethod()[pri:1, instance:lesson18.FirstTest@3b2da18f]" started-at="2023-10-27T22:22:05 EEST" name="testMethod" description="this our first test" finished-at="2023-10-27T22:22:05 EEST" duration-ms="0" status="PASS">
          <reporter-output>
          </reporter-output>
        </test-method> <!-- testMethod -->
        <test-method is-config="true" signature="beforeMethod()[pri:0, instance:lesson18.FirstTest@3b2da18f]" started-at="2023-10-27T22:22:05 EEST" name="beforeMethod" finished-at="2023-10-27T22:22:05 EEST" duration-ms="0" status="PASS">
          <reporter-output>
          </reporter-output>
        </test-method> <!-- beforeMethod -->
        <test-method is-config="true" signature="afterMethod()[pri:0, instance:lesson18.FirstTest@3b2da18f]" started-at="2023-10-27T22:22:05 EEST" name="afterMethod" finished-at="2023-10-27T22:22:05 EEST" duration-ms="1" status="PASS">
          <reporter-output>
          </reporter-output>
        </test-method> <!-- afterMethod -->
        <test-method is-config="true" signature="beforeMethod()[pri:0, instance:lesson18.FirstTest@3b2da18f]" started-at="2023-10-27T22:22:05 EEST" name="beforeMethod" finished-at="2023-10-27T22:22:05 EEST" duration-ms="1" status="PASS">
          <reporter-output>
          </reporter-output>
        </test-method> <!-- beforeMethod -->
        <test-method signature="testMethod()[pri:1, instance:lesson18.FirstTest@3b2da18f]" started-at="2023-10-27T22:22:05 EEST" name="testMethod" description="this our first test" finished-at="2023-10-27T22:22:05 EEST" duration-ms="0" status="PASS">
          <reporter-output>
          </reporter-output>
        </test-method> <!-- testMethod -->
        <test-method is-config="true" signature="afterMethod()[pri:0, instance:lesson18.FirstTest@3b2da18f]" started-at="2023-10-27T22:22:05 EEST" name="afterMethod" finished-at="2023-10-27T22:22:05 EEST" duration-ms="1" status="PASS">
          <reporter-output>
          </reporter-output>
        </test-method> <!-- afterMethod -->
        <test-method signature="testMethod2()[pri:2, instance:lesson18.FirstTest@3b2da18f]" started-at="2023-10-27T22:22:05 EEST" name="testMethod2" finished-at="2023-10-27T22:22:05 EEST" duration-ms="1" status="PASS">
          <reporter-output>
          </reporter-output>
        </test-method> <!-- testMethod2 -->
        <test-method is-config="true" signature="beforeMethod()[pri:0, instance:lesson18.FirstTest@3b2da18f]" started-at="2023-10-27T22:22:05 EEST" name="beforeMethod" finished-at="2023-10-27T22:22:05 EEST" duration-ms="0" status="PASS">
          <reporter-output>
          </reporter-output>
        </test-method> <!-- beforeMethod -->
        <test-method is-config="true" signature="afterMethod()[pri:0, instance:lesson18.FirstTest@3b2da18f]" started-at="2023-10-27T22:22:05 EEST" name="afterMethod" finished-at="2023-10-27T22:22:05 EEST" duration-ms="0" status="PASS">
          <reporter-output>
          </reporter-output>
        </test-method> <!-- afterMethod -->
      </class> <!-- lesson18.FirstTest -->
    </test> <!-- Surefire test -->
  </suite> <!-- Surefire suite -->
</testng-results>
