<?xml version="1.0" encoding="UTF-8"?>
<testsuite xmlns:xsi="http://www.w3.org/2001/XMLSchema-instance" xsi:noNamespaceSchemaLocation="https://maven.apache.org/surefire/maven-surefire-plugin/xsd/surefire-test-report-3.0.xsd" version="3.0" name="lesson18.FirstTest" time="0.425" tests="7" errors="0" skipped="0" failures="0">
  <properties>
[...]
</properties>
  <testcase name="testDivision" classname="lesson18.FirstTest" time="0.004">
    <system-out><![CDATA[This method will execute before first test once
This method will execute before class once
This method will execute before each test method
]]></system-out>
    <system-err><![CDATA[SLF4J: Failed to load class "org.slf4j.impl.StaticLoggerBinder".
SLF4J: Defaulting to no-operation (NOP) logger implementation
SLF4J: See http://www.slf4j.org/codes.html#StaticLoggerBinder for further details.
]]></system-err>
  </testcase>
  <testcase name="testMethod" classname="lesson18.FirstTest" time="0.003">
    <system-out><![CDATA[This method will execute after each test method
This method will execute before each test method
Hello world
]]></system-out>
  </testcase>
  <testcase name="testMethod" classname="lesson18.FirstTest" time="0">
    <system-out><![CDATA[This method will execute after each test method
This method will execute before each test method
Hello world
]]></system-out>
  </testcase>
  <testcase name="testMethod" classname="lesson18.FirstTest" time="0.007">
    <system-out><![CDATA[This method will execute after each test method
This method will execute before each test method
Hello world
]]></system-out>
  </testcase>
  <testcase name="testMethod" classname="lesson18.FirstTest" time="0">
    <system-out><![CDATA[This method will execute after each test method
This method will execute before each test method
Hello world
]]></system-out>
  </testcase>
  <testcase name="testMethod" classname="lesson18.FirstTest" time="0">
    <system-out><![CDATA[This method will execute after each test method
This method will execute before each test method
Hello world
]]></system-out>
  </testcase>
  <testcase name="testMethod2" classname="lesson18.FirstTest" time="0">
    <system-out><![CDATA[This method will execute after each test method
This method will execute before each test method
Hello world second method
]]></system-out>
  </testcase>
</testsuite>